Traceback (most recent call last):
  File "/usr/local/lib/python3.9/site-packages/jupyter_cache/executors/utils.py", line 51, in single_nb_execution
    executenb(
  File "/usr/local/lib/python3.9/site-packages/nbclient/client.py", line 1204, in execute
    return NotebookClient(nb=nb, resources=resources, km=km, **kwargs).execute()
  File "/usr/local/lib/python3.9/site-packages/nbclient/util.py", line 84, in wrapped
    return just_run(coro(*args, **kwargs))
  File "/usr/local/lib/python3.9/site-packages/nbclient/util.py", line 62, in just_run
    return loop.run_until_complete(coro)
  File "/usr/local/Cellar/python@3.9/3.9.10/Frameworks/Python.framework/Versions/3.9/lib/python3.9/asyncio/base_events.py", line 642, in run_until_complete
    return future.result()
  File "/usr/local/lib/python3.9/site-packages/nbclient/client.py", line 663, in async_execute
    await self.async_execute_cell(
  File "/usr/local/lib/python3.9/site-packages/nbclient/client.py", line 965, in async_execute_cell
    await self._check_raise_for_error(cell, cell_index, exec_reply)
  File "/usr/local/lib/python3.9/site-packages/nbclient/client.py", line 862, in _check_raise_for_error
    raise CellExecutionError.from_cell_and_msg(cell, exec_reply_content)
nbclient.exceptions.CellExecutionError: An error occurred while executing the following cell:
------------------
{
  "_id" : "myusers/3456789",
  "_key" : "3456789",
  "_rev" : "14253647",
  "firstName" : "John",
  "lastName" : "Doe",
  "address" : {
    "street" : "Road To Nowhere 1",
    "city" : "Gotham"
  },
  "hobbies" : [
    {name: "swimming", howFavorite: 10},
    {name: "biking", howFavorite: 6},
    {name: "programming", howFavorite: 4}
  ]
}
------------------

[0;31m---------------------------------------------------------------------------[0m
[0;31mNameError[0m                                 Traceback (most recent call last)
Input [0;32mIn [1][0m, in [0;36m<cell line: 2>[0;34m()[0m
[1;32m      1[0m {
[1;32m      2[0m   [38;5;124m"[39m[38;5;124m_id[39m[38;5;124m"[39m : [38;5;124m"[39m[38;5;124mmyusers/3456789[39m[38;5;124m"[39m,
[1;32m      3[0m   [38;5;124m"[39m[38;5;124m_key[39m[38;5;124m"[39m : [38;5;124m"[39m[38;5;124m3456789[39m[38;5;124m"[39m,
[1;32m      4[0m   [38;5;124m"[39m[38;5;124m_rev[39m[38;5;124m"[39m : [38;5;124m"[39m[38;5;124m14253647[39m[38;5;124m"[39m,
[1;32m      5[0m   [38;5;124m"[39m[38;5;124mfirstName[39m[38;5;124m"[39m : [38;5;124m"[39m[38;5;124mJohn[39m[38;5;124m"[39m,
[1;32m      6[0m   [38;5;124m"[39m[38;5;124mlastName[39m[38;5;124m"[39m : [38;5;124m"[39m[38;5;124mDoe[39m[38;5;124m"[39m,
[1;32m      7[0m   [38;5;124m"[39m[38;5;124maddress[39m[38;5;124m"[39m : {
[1;32m      8[0m     [38;5;124m"[39m[38;5;124mstreet[39m[38;5;124m"[39m : [38;5;124m"[39m[38;5;124mRoad To Nowhere 1[39m[38;5;124m"[39m,
[1;32m      9[0m     [38;5;124m"[39m[38;5;124mcity[39m[38;5;124m"[39m : [38;5;124m"[39m[38;5;124mGotham[39m[38;5;124m"[39m
[1;32m     10[0m   },
[1;32m     11[0m   [38;5;124m"[39m[38;5;124mhobbies[39m[38;5;124m"[39m : [
[0;32m---> 12[0m     {[43mname[49m: [38;5;124m"[39m[38;5;124mswimming[39m[38;5;124m"[39m, howFavorite: [38;5;241m10[39m},
[1;32m     13[0m     {name: [38;5;124m"[39m[38;5;124mbiking[39m[38;5;124m"[39m, howFavorite: [38;5;241m6[39m},
[1;32m     14[0m     {name: [38;5;124m"[39m[38;5;124mprogramming[39m[38;5;124m"[39m, howFavorite: [38;5;241m4[39m}
[1;32m     15[0m   ]
[1;32m     16[0m }

[0;31mNameError[0m: name 'name' is not defined
NameError: name 'name' is not defined

