Traceback (most recent call last):
  File "/usr/local/lib/python3.9/site-packages/jupyter_cache/executors/utils.py", line 51, in single_nb_execution
    executenb(
  File "/usr/local/lib/python3.9/site-packages/nbclient/client.py", line 1204, in execute
    return NotebookClient(nb=nb, resources=resources, km=km, **kwargs).execute()
  File "/usr/local/lib/python3.9/site-packages/nbclient/util.py", line 84, in wrapped
    return just_run(coro(*args, **kwargs))
  File "/usr/local/lib/python3.9/site-packages/nbclient/util.py", line 62, in just_run
    return loop.run_until_complete(coro)
  File "/usr/local/Cellar/python@3.9/3.9.10/Frameworks/Python.framework/Versions/3.9/lib/python3.9/asyncio/base_events.py", line 642, in run_until_complete
    return future.result()
  File "/usr/local/lib/python3.9/site-packages/nbclient/client.py", line 663, in async_execute
    await self.async_execute_cell(
  File "/usr/local/lib/python3.9/site-packages/nbclient/client.py", line 965, in async_execute_cell
    await self._check_raise_for_error(cell, cell_index, exec_reply)
  File "/usr/local/lib/python3.9/site-packages/nbclient/client.py", line 862, in _check_raise_for_error
    raise CellExecutionError.from_cell_and_msg(cell, exec_reply_content)
nbclient.exceptions.CellExecutionError: An error occurred while executing the following cell:
------------------
from c8 import C8Client
client = C8Client(protocol='https', host='gdn.paas.macrometa.io', port=443,
                        email='[email]', password='[xxxx]',
                        geofabric='_system')

# OR Using token
#client = C8Client(protocol='https', host='gdn.paas.macrometa.io', port=443, token="XXXX")
------------------

[0;31m---------------------------------------------------------------------------[0m
[0;31mC8AuthenticationError[0m                     Traceback (most recent call last)
Input [0;32mIn [2][0m, in [0;36m<cell line: 2>[0;34m()[0m
[1;32m      1[0m [38;5;28;01mfrom[39;00m [38;5;21;01mc8[39;00m [38;5;28;01mimport[39;00m C8Client
[0;32m----> 2[0m client [38;5;241m=[39m [43mC8Client[49m[43m([49m[43mprotocol[49m[38;5;241;43m=[39;49m[38;5;124;43m'[39;49m[38;5;124;43mhttps[39;49m[38;5;124;43m'[39;49m[43m,[49m[43m [49m[43mhost[49m[38;5;241;43m=[39;49m[38;5;124;43m'[39;49m[38;5;124;43mgdn.paas.macrometa.io[39;49m[38;5;124;43m'[39;49m[43m,[49m[43m [49m[43mport[49m[38;5;241;43m=[39;49m[38;5;241;43m443[39;49m[43m,[49m
[1;32m      3[0m [43m                        [49m[43memail[49m[38;5;241;43m=[39;49m[38;5;124;43m'[39;49m[38;5;124;43m[email][39;49m[38;5;124;43m'[39;49m[43m,[49m[43m [49m[43mpassword[49m[38;5;241;43m=[39;49m[38;5;124;43m'[39;49m[38;5;124;43m[xxxx][39;49m[38;5;124;43m'[39;49m[43m,[49m
[1;32m      4[0m [43m                        [49m[43mgeofabric[49m[38;5;241;43m=[39;49m[38;5;124;43m'[39;49m[38;5;124;43m_system[39;49m[38;5;124;43m'[39;49m[43m)[49m

File [0;32m/usr/local/lib/python3.9/site-packages/c8/client.py:47[0m, in [0;36mC8Client.__init__[0;34m(self, protocol, host, port, geofabric, stream_port, email, password, http_client, token, apikey)[0m
[1;32m     44[0m [38;5;28mself[39m[38;5;241m.[39m_http_client [38;5;241m=[39m http_client
[1;32m     46[0m [38;5;28;01mif[39;00m [38;5;28mself[39m[38;5;241m.[39m_email [38;5;129;01mand[39;00m [38;5;28mself[39m[38;5;241m.[39m_password:  
[0;32m---> 47[0m     [38;5;28mself[39m[38;5;241m.[39m_tenant [38;5;241m=[39m [38;5;28;43mself[39;49m[38;5;241;43m.[39;49m[43mtenant[49m[43m([49m[43memail[49m[38;5;241;43m=[39;49m[38;5;28;43mself[39;49m[38;5;241;43m.[39;49m[43m_email[49m[43m,[49m[43m [49m[43mpassword[49m[38;5;241;43m=[39;49m[38;5;28;43mself[39;49m[38;5;241;43m.[39;49m[43m_password[49m[43m)[49m
[1;32m     48[0m     [38;5;28mself[39m[38;5;241m.[39m_fabric [38;5;241m=[39m [38;5;28mself[39m[38;5;241m.[39m_tenant[38;5;241m.[39museFabric([38;5;28mself[39m[38;5;241m.[39m_fabricname)
[1;32m     50[0m [38;5;28;01mif[39;00m [38;5;28mself[39m[38;5;241m.[39m_token:

File [0;32m/usr/local/lib/python3.9/site-packages/c8/client.py:125[0m, in [0;36mC8Client.tenant[0;34m(self, email, password, verify, token, apikey)[0m
[1;32m    111[0m [38;5;28;01mdef[39;00m [38;5;21mtenant[39m([38;5;28mself[39m, email[38;5;241m=[39m[38;5;124m'[39m[38;5;124m'[39m, password[38;5;241m=[39m[38;5;124m'[39m[38;5;124m'[39m, verify[38;5;241m=[39m[38;5;28;01mFalse[39;00m, token[38;5;241m=[39m[38;5;28;01mNone[39;00m, apikey[38;5;241m=[39m[38;5;28;01mNone[39;00m):
[1;32m    112[0m     [38;5;124;03m"""Connect to a fabric and return the fabric API wrapper.[39;00m
[1;32m    113[0m 
[1;32m    114[0m [38;5;124;03m    :param email: Email for basic authentication.[39;00m
[0;32m   (...)[0m
[1;32m    123[0m [38;5;124;03m        to True and the connection to C8Db fails.[39;00m
[1;32m    124[0m [38;5;124;03m    """[39;00m
[0;32m--> 125[0m     connection [38;5;241m=[39m [43mTenantConnection[49m[43m([49m[43murl[49m[38;5;241;43m=[39;49m[38;5;28;43mself[39;49m[38;5;241;43m.[39;49m[43m_url[49m[43m,[49m[43m [49m
[1;32m    126[0m [43m                                  [49m[43memail[49m[38;5;241;43m=[39;49m[43memail[49m[43m,[49m
[1;32m    127[0m [43m                                  [49m[43mpassword[49m[38;5;241;43m=[39;49m[43mpassword[49m[43m,[49m
[1;32m    128[0m [43m                                  [49m[43mtoken[49m[38;5;241;43m=[39;49m[43mtoken[49m[43m,[49m
[1;32m    129[0m [43m                                  [49m[43mapikey[49m[38;5;241;43m=[39;49m[43mapikey[49m[43m,[49m
[1;32m    130[0m [43m                                  [49m[43mhttp_client[49m[38;5;241;43m=[39;49m[38;5;28;43mself[39;49m[38;5;241;43m.[39;49m[43m_http_client[49m[43m)[49m
[1;32m    131[0m     tenant [38;5;241m=[39m Tenant(connection)
[1;32m    133[0m     [38;5;66;03m# TODO : handle verify[39;00m

File [0;32m/usr/local/lib/python3.9/site-packages/c8/connection.py:217[0m, in [0;36mTenantConnection.__init__[0;34m(self, url, email, password, token, apikey, http_client)[0m
[1;32m    215[0m [38;5;28;01mdef[39;00m [38;5;21m__init__[39m([38;5;28mself[39m, url, email, password, token, apikey, http_client):
[0;32m--> 217[0m     [38;5;28;43msuper[39;49m[43m([49m[43mTenantConnection[49m[43m,[49m[43m [49m[38;5;28;43mself[39;49m[43m)[49m[38;5;241;43m.[39;49m[38;5;21;43m__init__[39;49m[43m([49m[43murl[49m[38;5;241;43m=[39;49m[43murl[49m[43m,[49m[43m [49m[43memail[49m[38;5;241;43m=[39;49m[43memail[49m[43m,[49m[43m [49m[43mpassword[49m[38;5;241;43m=[39;49m[43mpassword[49m[43m,[49m[43m [49m[43mtoken[49m[38;5;241;43m=[39;49m[43mtoken[49m[43m,[49m[43m [49m[43mapikey[49m[38;5;241;43m=[39;49m[43mapikey[49m[43m,[49m[43m [49m[43mhttp_client[49m[38;5;241;43m=[39;49m[43mhttp_client[49m[43m)[49m
[1;32m    218[0m     [38;5;28mself[39m[38;5;241m.[39m_fqfabric_name [38;5;241m=[39m [38;5;28mself[39m[38;5;241m.[39m_tenant_name [38;5;241m+[39m [38;5;124m"[39m[38;5;124m.[39m[38;5;124m"[39m [38;5;241m+[39m [38;5;28mself[39m[38;5;241m.[39m_fabric_name

File [0;32m/usr/local/lib/python3.9/site-packages/c8/connection.py:62[0m, in [0;36mConnection.__init__[0;34m(self, url, email, password, token, apikey, http_client)[0m
[1;32m     59[0m      [38;5;28mself[39m[38;5;241m.[39m_auth_token [38;5;241m=[39m [38;5;28mself[39m[38;5;241m.[39m_apikey
[1;32m     61[0m [38;5;28;01mif[39;00m [38;5;28mself[39m[38;5;241m.[39m_email [38;5;241m!=[39m [38;5;124m'[39m[38;5;124m'[39m [38;5;129;01mand[39;00m password [38;5;241m!=[39m [38;5;124m'[39m[38;5;124m'[39m:
[0;32m---> 62[0m     [38;5;28mself[39m[38;5;241m.[39m_auth_token, [38;5;28mself[39m[38;5;241m.[39m_tenant_name [38;5;241m=[39m [38;5;28;43mself[39;49m[38;5;241;43m.[39;49m[43m_get_auth_token[49m[43m([49m[43m)[49m
[1;32m     63[0m     [38;5;28mself[39m[38;5;241m.[39m_header [38;5;241m=[39m {[38;5;124m"[39m[38;5;124mAuthorization[39m[38;5;124m"[39m: [38;5;124m"[39m[38;5;124mBearer [39m[38;5;124m"[39m [38;5;241m+[39m [38;5;28mself[39m[38;5;241m.[39m_auth_token}
[1;32m     65[0m [38;5;28;01mif[39;00m [38;5;28mself[39m[38;5;241m.[39m_tenant_name [38;5;241m==[39m [38;5;124m'[39m[38;5;124m'[39m [38;5;129;01mand[39;00m [38;5;28mself[39m[38;5;241m.[39m_token [38;5;129;01mis[39;00m [38;5;129;01mnot[39;00m [38;5;28;01mNone[39;00m :

File [0;32m/usr/local/lib/python3.9/site-packages/c8/connection.py:112[0m, in [0;36mConnection._get_auth_token[0;34m(self)[0m
[1;32m    110[0m         [38;5;28;01mraise[39;00m C8TokenNotFoundError([38;5;124m"[39m[38;5;124mFailed to get Authentication Token for URL: [39m[38;5;132;01m{}[39;00m[38;5;124m Tenant: [39m[38;5;132;01m{}[39;00m[38;5;124m and Email: [39m[38;5;132;01m{}[39;00m[38;5;124m"[39m[38;5;241m.[39mformat([38;5;28mself[39m[38;5;241m.[39murl, [38;5;28mself[39m[38;5;241m.[39mtenant_name, [38;5;28mself[39m[38;5;241m.[39m_email))
[1;32m    111[0m [38;5;28;01melse[39;00m:
[0;32m--> 112[0m     [38;5;28;01mraise[39;00m C8AuthenticationError([38;5;124m"[39m[38;5;124mFailed to Authenticate the C8DB user for URL: [39m[38;5;132;01m{}[39;00m[38;5;124m and Email: [39m[38;5;132;01m{}[39;00m[38;5;124m. Error: [39m[38;5;132;01m{}[39;00m[38;5;124m"[39m[38;5;241m.[39mformat([38;5;28mself[39m[38;5;241m.[39murl, [38;5;28mself[39m[38;5;241m.[39m_email, response[38;5;241m.[39mtext))
[1;32m    113[0m [38;5;28;01mreturn[39;00m token, tenant

[0;31mC8AuthenticationError[0m: Failed to Authenticate the C8DB user for URL: https://api-gdn.paas.macrometa.io:443 and Email: [email]. Error: {"code":401,"error":true,"errorMessage":"forbidden","errorNum":11}
C8AuthenticationError: Failed to Authenticate the C8DB user for URL: https://api-gdn.paas.macrometa.io:443 and Email: [email]. Error: {"code":401,"error":true,"errorMessage":"forbidden","errorNum":11}

